<?xml version="1.0" encoding="UTF-8"?>
<!-- Generated by org.testng.reporters.JUnitXMLReporter -->
<testsuite ignored="0" hostname="DESKTOP-A42R49L" failures="1" tests="1" name="Downloader test" time="4.762" errors="0" timestamp="2021-10-16T20:47:53 AMT">
  <testcase classname="Lecture_12_13.Downloader_Test" name="Test" time="4.746">
    <failure type="java.lang.NullPointerException" message="Cannot read the array length because &amp;quot;&amp;lt;local5&amp;gt;&amp;quot; is null">
      <![CDATA[java.lang.NullPointerException: Cannot read the array length because "<local5>" is null
at PageObject.herokuapp.FileDownloaderObject.checkFile(FileDownloaderObject.java:32)
at Lecture_12_13.Downloader_Test.Test(Downloader_Test.java:11)
at java.base/java.util.ArrayList.forEach(ArrayList.java:1511)
... Removed 31 stack frames]]>
    </failure>
  </testcase> <!-- Test -->
</testsuite> <!-- Downloader test -->
