-------------------------------------------------------------------------------
Test set: TestSuite
-------------------------------------------------------------------------------
Tests run: 5, Failures: 1, Errors: 0, Skipped: 0, Time elapsed: 26.267 s <<< FAILURE! - in TestSuite
Test(Lecture_12_13.Downloader_Test)  Time elapsed: 4.757 s  <<< FAILURE!
java.lang.NullPointerException: Cannot read the array length because "<local5>" is null
	at Lecture_12_13.Downloader_Test.Test(Downloader_Test.java:11)

