<?xml version="1.0" encoding="UTF-8"?>
<testng-results ignored="0" total="5" passed="4" failed="1" skipped="0">
  <reporter-output>
  </reporter-output>
  <suite started-at="2021-10-16T20:47:29 AMT" name="the-internet welcomes you" finished-at="2021-10-16T20:47:53 AMT" duration-ms="24070">
    <groups>
    </groups>
    <test started-at="2021-10-16T20:47:29 AMT" name="Context Menu" finished-at="2021-10-16T20:47:37 AMT" duration-ms="7768">
      <class name="Lecture_12_13.ContextMenu_Test">
        <test-method is-config="true" signature="setupDriver(org.testng.ITestContext)[pri:0, instance:Lecture_12_13.ContextMenu_Test@4a7761b1]" started-at="2021-10-16T20:47:33 AMT" name="setupDriver" finished-at="2021-10-16T20:47:33 AMT" duration-ms="44" status="PASS">
          <params>
            <param index="0">
              <value>
                <![CDATA[org.testng.TestRunner@48333b12]]>
              </value>
            </param>
          </params>
          <reporter-output>
          </reporter-output>
        </test-method> <!-- setupDriver -->
        <test-method is-config="true" signature="precondition()[pri:0, instance:Lecture_12_13.ContextMenu_Test@4a7761b1]" started-at="2021-10-16T20:47:33 AMT" name="precondition" finished-at="2021-10-16T20:47:36 AMT" duration-ms="3315" status="PASS">
          <reporter-output>
          </reporter-output>
        </test-method> <!-- precondition -->
        <test-method signature="contextMenuObject_Test()[pri:0, instance:Lecture_12_13.ContextMenu_Test@4a7761b1]" started-at="2021-10-16T20:47:36 AMT" name="contextMenuObject_Test" finished-at="2021-10-16T20:47:36 AMT" duration-ms="289" status="PASS">
          <reporter-output>
          </reporter-output>
        </test-method> <!-- contextMenuObject_Test -->
      </class> <!-- Lecture_12_13.ContextMenu_Test -->
    </test> <!-- Context Menu -->
    <test started-at="2021-10-16T20:47:37 AMT" name="Dynamic Controls" finished-at="2021-10-16T20:47:43 AMT" duration-ms="6488">
      <class name="Lecture_12_13.DynamicControls_Test">
        <test-method is-config="true" signature="setupDriver(org.testng.ITestContext)[pri:0, instance:Lecture_12_13.DynamicControls_Test@59429fac]" started-at="2021-10-16T20:47:38 AMT" name="setupDriver" finished-at="2021-10-16T20:47:38 AMT" duration-ms="1" status="PASS">
          <params>
            <param index="0">
              <value>
                <![CDATA[org.testng.TestRunner@575c23f1]]>
              </value>
            </param>
          </params>
          <reporter-output>
          </reporter-output>
        </test-method> <!-- setupDriver -->
        <test-method is-config="true" signature="precondition()[pri:0, instance:Lecture_12_13.DynamicControls_Test@59429fac]" started-at="2021-10-16T20:47:38 AMT" name="precondition" finished-at="2021-10-16T20:47:40 AMT" duration-ms="1998" status="PASS">
          <reporter-output>
          </reporter-output>
        </test-method> <!-- precondition -->
        <test-method signature="clickCheckbox_Test()[pri:0, instance:Lecture_12_13.DynamicControls_Test@59429fac]" started-at="2021-10-16T20:47:40 AMT" name="clickCheckbox_Test" finished-at="2021-10-16T20:47:43 AMT" duration-ms="3293" status="PASS">
          <reporter-output>
          </reporter-output>
        </test-method> <!-- clickCheckbox_Test -->
        <test-method signature="findInput_Test()[pri:0, instance:Lecture_12_13.DynamicControls_Test@59429fac]" started-at="2021-10-16T20:47:43 AMT" name="findInput_Test" finished-at="2021-10-16T20:47:43 AMT" duration-ms="115" status="PASS">
          <reporter-output>
          </reporter-output>
        </test-method> <!-- findInput_Test -->
      </class> <!-- Lecture_12_13.DynamicControls_Test -->
    </test> <!-- Dynamic Controls -->
    <test started-at="2021-10-16T20:47:43 AMT" name="File Uploader" finished-at="2021-10-16T20:47:48 AMT" duration-ms="4366">
      <class name="Lecture_12_13.FileUploader_Test">
        <test-method is-config="true" signature="setupDriver(org.testng.ITestContext)[pri:0, instance:Lecture_12_13.FileUploader_Test@6be25526]" started-at="2021-10-16T20:47:44 AMT" name="setupDriver" finished-at="2021-10-16T20:47:44 AMT" duration-ms="0" status="PASS">
          <params>
            <param index="0">
              <value>
                <![CDATA[org.testng.TestRunner@62f7d7bd]]>
              </value>
            </param>
          </params>
          <reporter-output>
          </reporter-output>
        </test-method> <!-- setupDriver -->
        <test-method is-config="true" signature="precondition()[pri:0, instance:Lecture_12_13.FileUploader_Test@6be25526]" started-at="2021-10-16T20:47:44 AMT" name="precondition" finished-at="2021-10-16T20:47:47 AMT" duration-ms="2152" status="PASS">
          <reporter-output>
          </reporter-output>
        </test-method> <!-- precondition -->
        <test-method signature="fileUploader_Test()[pri:0, instance:Lecture_12_13.FileUploader_Test@6be25526]" started-at="2021-10-16T20:47:47 AMT" name="fileUploader_Test" finished-at="2021-10-16T20:47:48 AMT" duration-ms="1250" status="PASS">
          <reporter-output>
          </reporter-output>
        </test-method> <!-- fileUploader_Test -->
      </class> <!-- Lecture_12_13.FileUploader_Test -->
    </test> <!-- File Uploader -->
    <test started-at="2021-10-16T20:47:48 AMT" name="Downloader test" finished-at="2021-10-16T20:47:53 AMT" duration-ms="4762">
      <class name="Lecture_12_13.Downloader_Test">
        <test-method signature="Test()[pri:0, instance:Lecture_12_13.Downloader_Test@74ad8d05]" started-at="2021-10-16T20:47:48 AMT" name="Test" finished-at="2021-10-16T20:47:53 AMT" duration-ms="4746" status="FAIL">
          <exception class="java.lang.NullPointerException">
            <message>
              <![CDATA[Cannot read the array length because "<local5>" is null]]>
            </message>
            <full-stacktrace>
              <![CDATA[java.lang.NullPointerException: Cannot read the array length because "<local5>" is null
at PageObject.herokuapp.FileDownloaderObject.checkFile(FileDownloaderObject.java:32)
at Lecture_12_13.Downloader_Test.Test(Downloader_Test.java:11)
at java.base/jdk.internal.reflect.NativeMethodAccessorImpl.invoke0(Native Method)
at java.base/jdk.internal.reflect.NativeMethodAccessorImpl.invoke(NativeMethodAccessorImpl.java:78)
at java.base/jdk.internal.reflect.DelegatingMethodAccessorImpl.invoke(DelegatingMethodAccessorImpl.java:43)
at java.base/java.lang.reflect.Method.invoke(Method.java:567)
at org.testng.internal.MethodInvocationHelper.invokeMethod(MethodInvocationHelper.java:133)
at org.testng.internal.TestInvoker.invokeMethod(TestInvoker.java:598)
at org.testng.internal.TestInvoker.invokeTestMethod(TestInvoker.java:173)
at org.testng.internal.MethodRunner.runInSequence(MethodRunner.java:46)
at org.testng.internal.TestInvoker$MethodInvocationAgent.invoke(TestInvoker.java:824)
at org.testng.internal.TestInvoker.invokeTestMethods(TestInvoker.java:146)
at org.testng.internal.TestMethodWorker.invokeTestMethods(TestMethodWorker.java:146)
at org.testng.internal.TestMethodWorker.run(TestMethodWorker.java:128)
at java.base/java.util.ArrayList.forEach(ArrayList.java:1511)
at org.testng.TestRunner.privateRun(TestRunner.java:794)
at org.testng.TestRunner.run(TestRunner.java:596)
at org.testng.SuiteRunner.runTest(SuiteRunner.java:377)
at org.testng.SuiteRunner.runSequentially(SuiteRunner.java:371)
at org.testng.SuiteRunner.privateRun(SuiteRunner.java:332)
at org.testng.SuiteRunner.run(SuiteRunner.java:276)
at org.testng.SuiteRunnerWorker.runSuite(SuiteRunnerWorker.java:53)
at org.testng.SuiteRunnerWorker.run(SuiteRunnerWorker.java:96)
at org.testng.TestNG.runSuitesSequentially(TestNG.java:1212)
at org.testng.TestNG.runSuitesLocally(TestNG.java:1134)
at org.testng.TestNG.runSuites(TestNG.java:1063)
at org.testng.TestNG.run(TestNG.java:1031)
at org.apache.maven.surefire.testng.TestNGExecutor.run(TestNGExecutor.java:283)
at org.apache.maven.surefire.testng.TestNGXmlTestSuite.execute(TestNGXmlTestSuite.java:75)
at org.apache.maven.surefire.testng.TestNGProvider.invoke(TestNGProvider.java:120)
at org.apache.maven.surefire.booter.ForkedBooter.invokeProviderInSameClassLoader(ForkedBooter.java:384)
at org.apache.maven.surefire.booter.ForkedBooter.runSuitesInProcess(ForkedBooter.java:345)
at org.apache.maven.surefire.booter.ForkedBooter.execute(ForkedBooter.java:126)
at org.apache.maven.surefire.booter.ForkedBooter.main(ForkedBooter.java:418)
]]>
            </full-stacktrace>
          </exception> <!-- java.lang.NullPointerException -->
          <reporter-output>
          </reporter-output>
        </test-method> <!-- Test -->
      </class> <!-- Lecture_12_13.Downloader_Test -->
    </test> <!-- Downloader test -->
  </suite> <!-- the-internet welcomes you -->
</testng-results>
