<?xml version="1.0" encoding="UTF-8"?>
<testsuite xmlns:xsi="http://www.w3.org/2001/XMLSchema-instance" xsi:noNamespaceSchemaLocation="https://maven.apache.org/surefire/maven-surefire-plugin/xsd/surefire-test-report-3.0.xsd" version="3.0" name="TestSuite" time="26.267" tests="5" errors="0" skipped="0" failures="1">
  <properties>
[...]
</properties>
  <testcase name="contextMenuObject_Test" classname="Lecture_12_13.ContextMenu_Test" time="0.293"/>
  <testcase name="clickCheckbox_Test" classname="Lecture_12_13.DynamicControls_Test" time="3.293"/>
  <testcase name="findInput_Test" classname="Lecture_12_13.DynamicControls_Test" time="0.115"/>
  <testcase name="fileUploader_Test" classname="Lecture_12_13.FileUploader_Test" time="1.249"/>
  <testcase name="Test" classname="Lecture_12_13.Downloader_Test" time="4.757">
    <failure message="Cannot read the array length because &quot;&lt;local5&gt;&quot; is null" type="java.lang.NullPointerException"><![CDATA[java.lang.NullPointerException: Cannot read the array length because "<local5>" is null
	at Lecture_12_13.Downloader_Test.Test(Downloader_Test.java:11)
]]></failure>
    <system-err><![CDATA[Starting ChromeDriver 94.0.4606.61 (418b78f5838ed0b1c69bb4e51ea0252171854915-refs/branch-heads/4606@{#1204}) on port 34882
Only local connections are allowed.
Please see https://chromedriver.chromium.org/security-considerations for suggestions on keeping ChromeDriver safe.
ChromeDriver was started successfully.
Oct 16, 2021 8:47:49 PM org.openqa.selenium.remote.ProtocolHandshake createSession
INFO: Detected dialect: W3C
]]></system-err>
  </testcase>
</testsuite>